Aug 17, 2015 5:49:38 AM net.minecrunch.gwc.BuildDatabase selectWithPreparedStatement
INFO: The database doesn't exist!!! The world will now burn.....just kidding.
Aug 17, 2015 5:49:38 AM net.minecrunch.gwc.BuildDatabase selectWithPreparedStatement
INFO: I guess I will go ahead and create it now...save the world and all.
Aug 17, 2015 5:50:13 AM net.minecrunch.gwc.BuildDatabase selectWithPreparedStatement
INFO: Database table exist, you're safe....for now.
Aug 17, 2015 5:50:13 AM net.minecrunch.gwc.BuildDatabase selectWithPreparedStatement
INFO: Nickname: Test Server Address: localhost Port Number: 6669
Aug 17, 2015 5:50:22 AM net.minecrunch.gwc.BuildDatabase selectWithPreparedStatement
INFO: Database table exist, you're safe....for now.
Aug 17, 2015 5:50:22 AM net.minecrunch.gwc.BuildDatabase selectWithPreparedStatement
INFO: Nickname: Test Server Address: localhost Port Number: 6669
Aug 17, 2015 5:50:52 AM net.minecrunch.gwc.BuildDatabase selectWithPreparedStatement
INFO: Database table exist, you're safe....for now.
Aug 17, 2015 5:50:52 AM net.minecrunch.gwc.BuildDatabase selectWithPreparedStatement
INFO: Nickname: Test Server Address: localhost Port Number: 6669
Aug 17, 2015 5:52:58 AM net.minecrunch.gwc.BuildDatabase selectWithPreparedStatement
INFO: Database table exist, you're safe....for now.
Aug 17, 2015 5:52:58 AM net.minecrunch.gwc.BuildDatabase selectWithPreparedStatement
INFO: Nickname: Test Server Address: localhost Port Number: 6669
Aug 17, 2015 5:55:24 AM net.minecrunch.gwc.BuildDatabase selectWithPreparedStatement
INFO: Database table exist, you're safe....for now.
Aug 17, 2015 5:55:24 AM net.minecrunch.gwc.BuildDatabase selectWithPreparedStatement
INFO: Nickname: Test Server Address: localhost Port Number: 6669
Aug 17, 2015 6:00:07 AM net.minecrunch.gwc.BuildDatabase selectWithPreparedStatement
INFO: Database table exist, you're safe....for now.
Aug 17, 2015 6:00:07 AM net.minecrunch.gwc.BuildDatabase selectWithPreparedStatement
INFO: Nickname: Test Server Address: localhost Port Number: 6669
Aug 17, 2015 6:27:44 AM net.minecrunch.gwc.BuildDatabase selectWithPreparedStatement
INFO: Database table exist, you're safe....for now.
Aug 17, 2015 6:27:44 AM net.minecrunch.gwc.BuildDatabase selectWithPreparedStatement
INFO: Nickname: Test Server Address: localhost Port Number: 6669
Aug 17, 2015 6:32:09 AM net.minecrunch.gwc.BuildDatabase selectWithPreparedStatement
INFO: Database table exist, you're safe....for now.
Aug 17, 2015 6:32:09 AM net.minecrunch.gwc.BuildDatabase selectWithPreparedStatement
INFO: Nickname: Test Server Address: localhost Port Number: 6669
Aug 17, 2015 6:32:24 AM net.minecrunch.gwc.BuildDatabase selectWithPreparedStatement
INFO: Database table exist, you're safe....for now.
Aug 17, 2015 6:32:24 AM net.minecrunch.gwc.BuildDatabase selectWithPreparedStatement
INFO: Nickname: Test Server Address: localhost Port Number: 6669
Aug 17, 2015 6:32:43 AM net.minecrunch.gwc.BuildDatabase selectWithPreparedStatement
INFO: Database table exist, you're safe....for now.
Aug 17, 2015 6:32:43 AM net.minecrunch.gwc.BuildDatabase selectWithPreparedStatement
INFO: Nickname: Test Server Address: localhost Port Number: 6669
Aug 17, 2015 6:33:45 AM net.minecrunch.gwc.BuildDatabase selectWithPreparedStatement
INFO: Database table exist, you're safe....for now.
Aug 17, 2015 6:33:45 AM net.minecrunch.gwc.BuildDatabase selectWithPreparedStatement
INFO: Nickname: Test Server Address: localhost Port Number: 6669
Aug 17, 2015 6:34:09 AM net.minecrunch.gwc.BuildDatabase selectWithPreparedStatement
INFO: Database table exist, you're safe....for now.
Aug 17, 2015 6:34:09 AM net.minecrunch.gwc.BuildDatabase selectWithPreparedStatement
INFO: Nickname: Test Server Address: localhost Port Number: 6669
Aug 17, 2015 6:35:17 AM net.minecrunch.gwc.BuildDatabase selectWithPreparedStatement
INFO: Database table exist, you're safe....for now.
Aug 17, 2015 6:35:17 AM net.minecrunch.gwc.BuildDatabase selectWithPreparedStatement
INFO: Nickname: Test Server Address: localhost Port Number: 6669
Aug 17, 2015 6:36:22 AM net.minecrunch.gwc.BuildDatabase selectWithPreparedStatement
INFO: Database table exist, you're safe....for now.
Aug 17, 2015 6:36:22 AM net.minecrunch.gwc.BuildDatabase selectWithPreparedStatement
INFO: Nickname: Test Server Address: localhost Port Number: 6669
Aug 17, 2015 6:42:58 AM net.minecrunch.gwc.BuildDatabase selectWithPreparedStatement
INFO: Database table exist, you're safe....for now.
Aug 17, 2015 6:42:58 AM net.minecrunch.gwc.BuildDatabase selectWithPreparedStatement
INFO: Nickname: Test Server Address: localhost Port Number: 6669
Aug 17, 2015 6:43:26 AM net.minecrunch.gwc.BuildDatabase selectWithPreparedStatement
INFO: Database table exist, you're safe....for now.
Aug 17, 2015 6:43:26 AM net.minecrunch.gwc.BuildDatabase selectWithPreparedStatement
INFO: Nickname: Test Server Address: localhost Port Number: 6669
Aug 17, 2015 6:44:29 AM net.minecrunch.gwc.BuildDatabase selectWithPreparedStatement
INFO: Database table exist, you're safe....for now.
Aug 17, 2015 6:44:29 AM net.minecrunch.gwc.BuildDatabase selectWithPreparedStatement
INFO: Nickname: Test Server Address: localhost Port Number: 6669
Aug 17, 2015 6:45:52 AM net.minecrunch.gwc.BuildDatabase selectWithPreparedStatement
INFO: Database table exist, you're safe....for now.
Aug 17, 2015 6:45:52 AM net.minecrunch.gwc.BuildDatabase selectWithPreparedStatement
INFO: Nickname: Test Server Address: localhost Port Number: 6669
Aug 17, 2015 6:50:18 AM net.minecrunch.gwc.BuildDatabase selectWithPreparedStatement
INFO: Database table exist, you're safe....for now.
Aug 17, 2015 6:50:18 AM net.minecrunch.gwc.BuildDatabase selectWithPreparedStatement
INFO: Nickname: Test Server Address: localhost Port Number: 6669
Aug 17, 2015 6:50:50 AM net.minecrunch.gwc.BuildDatabase selectWithPreparedStatement
INFO: Database table exist, you're safe....for now.
Aug 17, 2015 6:50:50 AM net.minecrunch.gwc.BuildDatabase selectWithPreparedStatement
INFO: Nickname: Test Server Address: localhost Port Number: 6669
Aug 17, 2015 6:50:58 AM net.minecrunch.gwc.BuildDatabase selectWithPreparedStatement
INFO: Database table exist, you're safe....for now.
Aug 17, 2015 6:50:58 AM net.minecrunch.gwc.BuildDatabase selectWithPreparedStatement
INFO: Nickname: Test Server Address: localhost Port Number: 6669
Aug 17, 2015 6:51:13 AM net.minecrunch.gwc.BuildDatabase selectWithPreparedStatement
INFO: Database table exist, you're safe....for now.
Aug 17, 2015 6:51:13 AM net.minecrunch.gwc.BuildDatabase selectWithPreparedStatement
INFO: Nickname: Test Server Address: localhost Port Number: 6669
Aug 17, 2015 6:51:24 AM net.minecrunch.gwc.BuildDatabase selectWithPreparedStatement
INFO: Database table exist, you're safe....for now.
Aug 17, 2015 6:51:24 AM net.minecrunch.gwc.BuildDatabase selectWithPreparedStatement
INFO: Nickname: Test Server Address: localhost Port Number: 6669
Aug 17, 2015 6:51:42 AM net.minecrunch.gwc.BuildDatabase selectWithPreparedStatement
INFO: Database table exist, you're safe....for now.
Aug 17, 2015 6:51:42 AM net.minecrunch.gwc.BuildDatabase selectWithPreparedStatement
INFO: Nickname: Test Server Address: localhost Port Number: 6669
Aug 17, 2015 6:52:11 AM net.minecrunch.gwc.BuildDatabase selectWithPreparedStatement
INFO: Database table exist, you're safe....for now.
Aug 17, 2015 6:52:11 AM net.minecrunch.gwc.BuildDatabase selectWithPreparedStatement
INFO: Nickname: Test Server Address: localhost Port Number: 6669
Aug 17, 2015 6:57:00 AM net.minecrunch.gwc.BuildDatabase selectWithPreparedStatement
INFO: Database table exist, you're safe....for now.
Aug 17, 2015 6:57:00 AM net.minecrunch.gwc.BuildDatabase selectWithPreparedStatement
INFO: Nickname: Test Server Address: localhost Port Number: 6669
Aug 17, 2015 6:57:41 AM net.minecrunch.gwc.BuildDatabase selectWithPreparedStatement
INFO: Database table exist, you're safe....for now.
Aug 17, 2015 6:57:41 AM net.minecrunch.gwc.BuildDatabase selectWithPreparedStatement
INFO: Nickname: Test Server Address: localhost Port Number: 6669
Aug 17, 2015 7:00:52 AM net.minecrunch.gwc.BuildDatabase selectWithPreparedStatement
INFO: Database table exist, you're safe....for now.
Aug 17, 2015 7:00:52 AM net.minecrunch.gwc.BuildDatabase selectWithPreparedStatement
INFO: Nickname: Test Server Address: localhost Port Number: 6669
Aug 17, 2015 10:00:04 AM net.minecrunch.gwc.BuildDatabase selectWithPreparedStatement
INFO: Database table exist, you're safe....for now.
Aug 17, 2015 10:00:04 AM net.minecrunch.gwc.BuildDatabase selectWithPreparedStatement
INFO: Nickname: Test Server Address: localhost Port Number: 6669
Aug 17, 2015 10:02:12 AM net.minecrunch.gwc.BuildDatabase selectWithPreparedStatement
INFO: Database table exist, you're safe....for now.
Aug 17, 2015 10:02:12 AM net.minecrunch.gwc.BuildDatabase selectWithPreparedStatement
INFO: Nickname: Test Server Address: localhost Port Number: 6669
Aug 17, 2015 10:12:17 AM net.minecrunch.gwc.BuildDatabase selectWithPreparedStatement
INFO: Database table exist, you're safe....for now.
Aug 17, 2015 10:12:17 AM net.minecrunch.gwc.BuildDatabase selectWithPreparedStatement
INFO: Nickname: Test Server Address: localhost Port Number: 6669
Aug 17, 2015 10:12:34 AM net.minecrunch.gwc.BuildDatabase selectWithPreparedStatement
INFO: Database table exist, you're safe....for now.
Aug 17, 2015 10:12:34 AM net.minecrunch.gwc.BuildDatabase selectWithPreparedStatement
INFO: Nickname: Test Server Address: localhost Port Number: 6669
Aug 17, 2015 10:14:26 AM net.minecrunch.gwc.BuildDatabase selectWithPreparedStatement
INFO: Database table exist, you're safe....for now.
Aug 17, 2015 10:14:26 AM net.minecrunch.gwc.BuildDatabase selectWithPreparedStatement
INFO: Nickname: Test Server Address: localhost Port Number: 6669
Aug 17, 2015 10:15:09 AM net.minecrunch.gwc.BuildDatabase selectWithPreparedStatement
INFO: Database table exist, you're safe....for now.
Aug 17, 2015 10:15:09 AM net.minecrunch.gwc.BuildDatabase selectWithPreparedStatement
INFO: Nickname: Test Server Address: localhost Port Number: 6669
Aug 17, 2015 10:15:59 AM net.minecrunch.gwc.BuildDatabase selectWithPreparedStatement
INFO: Database table exist, you're safe....for now.
Aug 17, 2015 10:15:59 AM net.minecrunch.gwc.BuildDatabase selectWithPreparedStatement
INFO: Nickname: Test Server Address: localhost Port Number: 6669
Aug 17, 2015 10:16:11 AM net.minecrunch.gwc.BuildDatabase selectWithPreparedStatement
INFO: Database table exist, you're safe....for now.
Aug 17, 2015 10:16:11 AM net.minecrunch.gwc.BuildDatabase selectWithPreparedStatement
INFO: Nickname: Test Server Address: localhost Port Number: 6669
Aug 17, 2015 10:16:56 AM net.minecrunch.gwc.BuildDatabase selectWithPreparedStatement
INFO: Database table exist, you're safe....for now.
Aug 17, 2015 10:16:56 AM net.minecrunch.gwc.BuildDatabase selectWithPreparedStatement
INFO: Nickname: Test Server Address: localhost Port Number: 6669
