Aug 14, 2015 10:05:23 AM net.minecrunch.gws.BuildDatabase selectWithPreparedStatement
INFO: The database doesn't exist!!! The world will now burn.....just kidding.
Aug 14, 2015 10:05:23 AM net.minecrunch.gws.BuildDatabase selectWithPreparedStatement
INFO: I guess I will go ahead and create it now...save the world and all.
Aug 14, 2015 10:05:23 AM net.minecrunch.gws.BuildDatabase selectWithPreparedStatement
INFO: 1 Ted Is Currently Awesome
Aug 14, 2015 10:09:54 AM net.minecrunch.gws.BuildDatabase selectWithPreparedStatement
INFO: Database table exist, you're safe....for now.
Aug 14, 2015 10:09:54 AM net.minecrunch.gws.BuildDatabase selectWithPreparedStatement
INFO: 1 Ted Is Currently Awesome
Aug 16, 2015 9:17:39 PM net.minecrunch.gws.BuildDatabase selectWithPreparedStatement
INFO: Database table exist, you're safe....for now.
Aug 16, 2015 9:17:39 PM net.minecrunch.gws.BuildDatabase selectWithPreparedStatement
INFO: 1 Ted Is Currently Awesome
Aug 16, 2015 9:33:35 PM net.minecrunch.gws.BuildDatabase selectWithPreparedStatement
INFO: Database table exist, you're safe....for now.
Aug 16, 2015 9:33:35 PM net.minecrunch.gws.BuildDatabase selectWithPreparedStatement
INFO: 1 Ted Is Currently Awesome
Aug 17, 2015 5:37:26 AM net.minecrunch.gws.BuildDatabase selectWithPreparedStatement
INFO: Database table exist, you're safe....for now.
Aug 17, 2015 5:37:26 AM net.minecrunch.gws.BuildDatabase selectWithPreparedStatement
INFO: 1 Ted Is Currently Awesome
